<?xml version="1.0" encoding="UTF-8"?>
<!-- Generated by org.testng.reporters.JUnitReportReporter -->
<testsuite hostname="Vivek-Sharma-2000" failures="0" tests="2" name="TestCases.RecruitmentPageTest" time="82.860" errors="0" timestamp="2022-12-27T18:19:57 IST" skipped="0">
  <testcase classname="TestCases.RecruitmentPageTest" name="AddVacancyTest" time="32.937"/>
  <system-out/>
  <testcase classname="TestCases.RecruitmentPageTest" name="AddCandidateTest" time="49.923"/>
  <system-out/>
</testsuite> <!-- TestCases.RecruitmentPageTest -->
