<?xml version="1.0" encoding="UTF-8"?>
<!-- Generated by org.testng.reporters.JUnitReportReporter -->
<testsuite hostname="Vivek-Sharma-2000" failures="0" tests="4" name="TestCases.LoginPageTest" time="62.645" errors="0" timestamp="2022-12-27T14:17:12 IST" skipped="0">
  <testcase classname="TestCases.LoginPageTest" name="forgotPasswordTest" time="14.545"/>
  <system-out/>
  <testcase classname="TestCases.LoginPageTest" name="ValidateLoginPageTest" time="15.407"/>
  <system-out/>
  <testcase classname="TestCases.LoginPageTest" name="ValidateLogoTest" time="13.817"/>
  <system-out/>
  <testcase classname="TestCases.LoginPageTest" name="ValidateTitleTest" time="18.876"/>
  <system-out/>
</testsuite> <!-- TestCases.LoginPageTest -->
