<?xml version="1.0" encoding="UTF-8"?>
<!-- Generated by org.testng.reporters.JUnitReportReporter -->
<testsuite hostname="Vivek-Sharma-2000" failures="0" tests="1" name="TestCases.PIMPageTest" time="5.167" errors="0" timestamp="2022-12-27T15:32:43 IST" skipped="0">
  <testcase classname="TestCases.PIMPageTest" name="PIMConfiguration" time="5.167"/>
  <system-out/>
</testsuite> <!-- TestCases.PIMPageTest -->
